info it worked if it ends with ok
verbose cli [ '/usr/bin/nodejs', '/usr/bin/npm', 'install', '-g', 'karma' ]
info using npm@1.1.4
info using node@v0.6.19
verbose config file /home/mark/.npmrc
verbose config file /usr/etc/npmrc
verbose config file /usr/share/npm/npmrc
verbose cache add [ 'karma', null ]
silly cache add: name, spec, args [ undefined, 'karma', [ 'karma', null ] ]
verbose parsed url { pathname: 'karma', path: 'karma', href: 'karma' }
verbose addNamed [ 'karma', '' ]
verbose addNamed [ null, '' ]
silly name, range, hasData [ 'karma', '', false ]
verbose raw, before any munging karma
verbose url resolving [ 'https://registry.npmjs.org/', './karma' ]
verbose url resolved https://registry.npmjs.org/karma
http GET https://registry.npmjs.org/karma
http 200 https://registry.npmjs.org/karma
silly get cb [ 200,
silly get cb   { vary: 'Accept',
silly get cb     server: 'CouchDB/1.5.0 (Erlang OTP/R15B03)',
silly get cb     etag: '"DDJQ7G4C6GLHOAVXPF1C2J57I"',
silly get cb     date: 'Thu, 21 Nov 2013 06:15:47 GMT',
silly get cb     'content-type': 'application/json',
silly get cb     'content-length': '312462' } ]
verbose mkdir (expected) error ENOENT, stat '/home/mark/.npm'
verbose mkdir (expected) error ENOENT, stat '/home/mark/.npm/karma'
verbose mkdir done: /home/mark/.npm/karma 755
silly name, range, hasData 2 [ 'karma', '', true ]
silly versions [ 'karma', [] ]
ERR! Error: No compatible version found: karma
ERR! No valid targets found.
ERR! Perhaps not compatible with your version of node?
ERR!     at installTargetsError (/usr/share/npm/lib/cache.js:488:10)
ERR!     at next_ (/usr/share/npm/lib/cache.js:438:17)
ERR!     at next (/usr/share/npm/lib/cache.js:415:44)
ERR!     at /usr/share/npm/lib/cache.js:408:5
ERR!     at saved (/usr/share/npm/lib/utils/npm-registry-client/get.js:147:7)
ERR!     at Object.oncomplete (/usr/lib/nodejs/graceful-fs.js:230:7)
ERR! You may report this log at:
ERR!     <http://bugs.debian.org/npm>
ERR! or use
ERR!     reportbug --attach /home/mark/workspace/chaperone/npm-debug.log npm
ERR! 
ERR! System Linux 3.8.0-27-generic
ERR! command "/usr/bin/nodejs" "/usr/bin/npm" "install" "-g" "karma"
ERR! cwd /home/mark/workspace/chaperone
ERR! node -v v0.6.19
ERR! npm -v 1.1.4
ERR! message No compatible version found: karma
ERR! message No valid targets found.
ERR! message Perhaps not compatible with your version of node?
verbose exit [ 1, true ]
